<?xml version="1.0" encoding="UTF-8"?>
<testng-results ignored="0" total="1" passed="1" failed="0" skipped="0">
  <reporter-output>
  </reporter-output>
  <suite started-at="2022-09-25T16:18:11 IST" name="Default suite" finished-at="2022-09-25T16:18:25 IST" duration-ms="13953">
    <groups>
    </groups>
    <test started-at="2022-09-25T16:18:11 IST" name="Default test" finished-at="2022-09-25T16:18:25 IST" duration-ms="13953">
      <class name="DemoGradle.LibraryTest">
        <test-method signature="basic()[pri:0, instance:DemoGradle.LibraryTest@35aea049]" started-at="2022-09-25T16:18:11 IST" name="basic" finished-at="2022-09-25T16:18:25 IST" duration-ms="13919" status="PASS">
          <reporter-output>
          </reporter-output>
        </test-method> <!-- basic -->
      </class> <!-- DemoGradle.LibraryTest -->
    </test> <!-- Default test -->
  </suite> <!-- Default suite -->
</testng-results>
